
> redux-simple-starter@1.0.0 start /home/rakshit/Documents/React/ReduxSimpleStarter
> node ./node_modules/webpack-dev-server/bin/webpack-dev-server.js

events.js:141
      throw er; // Unhandled 'error' event
      ^

Error: listen EADDRINUSE 127.0.0.1:8080
    at Object.exports._errnoException (util.js:870:11)
    at exports._exceptionWithHostPort (util.js:893:20)
    at Server._listen2 (net.js:1237:14)
    at listen (net.js:1273:10)
    at net.js:1382:9
    at GetAddrInfoReqWrap.asyncCallback [as callback] (dns.js:63:16)
    at GetAddrInfoReqWrap.onlookup [as oncomplete] (dns.js:82:10)

npm ERR! Linux 4.8.0-52-generic
npm ERR! argv "/usr/bin/nodejs" "/usr/bin/npm" "start"
npm ERR! node v4.2.6
npm ERR! npm  v3.5.2
npm ERR! code ELIFECYCLE
npm ERR! redux-simple-starter@1.0.0 start: `node ./node_modules/webpack-dev-server/bin/webpack-dev-server.js`
npm ERR! Exit status 1
npm ERR! 
npm ERR! Failed at the redux-simple-starter@1.0.0 start script 'node ./node_modules/webpack-dev-server/bin/webpack-dev-server.js'.
npm ERR! Make sure you have the latest version of node.js and npm installed.
npm ERR! If you do, this is most likely a problem with the redux-simple-starter package,
npm ERR! not with npm itself.
npm ERR! Tell the author that this fails on your system:
npm ERR!     node ./node_modules/webpack-dev-server/bin/webpack-dev-server.js
npm ERR! You can get information on how to open an issue for this project with:
npm ERR!     npm bugs redux-simple-starter
npm ERR! Or if that isn't available, you can get their info via:
npm ERR!     npm owner ls redux-simple-starter
npm ERR! There is likely additional logging output above.

npm ERR! Please include the following file with any support request:
npm ERR!     /home/rakshit/Documents/React/ReduxSimpleStarter/npm-debug.log
